<?xml version="1.0" encoding="UTF-8"?>
<robot generator="Robot 5.0.1 (Python 3.10.4 on win32)" generated="20220705 13:53:29.245" rpa="false" schemaversion="3">
<suite id="s1" name="Register" source="e:\Belajar\Tutorial Python\Robot Framework\AutomationPractice\Register.robot">
<test id="s1-t1" name="Homepage" line="9">
<kw name="Open Browser" library="SeleniumLibrary">
<arg>${url}</arg>
<arg>${browser}</arg>
<doc>Opens a new browser instance to the optional ``url``.</doc>
<msg timestamp="20220705 13:53:29.612" level="INFO">Opening browser 'firefox' to base url 'http://automationpractice.com/index.php'.</msg>
<msg timestamp="20220705 13:53:29.616" level="INFO">Firefox driver log is always forced to to: E:\Belajar\Tutorial Python\Robot Framework\AutomationPractice\geckodriver-1.log</msg>
<status status="PASS" starttime="20220705 13:53:29.611" endtime="20220705 13:54:05.185"/>
</kw>
<kw name="Maximize Browser Window" library="SeleniumLibrary">
<doc>Maximizes current browser window.</doc>
<status status="PASS" starttime="20220705 13:54:05.187" endtime="20220705 13:54:05.196"/>
</kw>
<kw name="Element Should Be Visible" library="SeleniumLibrary">
<arg>//div[@id="header_logo"]</arg>
<doc>Verifies that the element identified by ``locator`` is visible.</doc>
<msg timestamp="20220705 13:54:05.232" level="INFO">Element '//div[@id="header_logo"]' is displayed.</msg>
<status status="PASS" starttime="20220705 13:54:05.197" endtime="20220705 13:54:05.232"/>
</kw>
<kw name="Element Should Be Visible" library="SeleniumLibrary">
<arg>//a[@class="login"]</arg>
<doc>Verifies that the element identified by ``locator`` is visible.</doc>
<msg timestamp="20220705 13:54:05.252" level="INFO">Element '//a[@class="login"]' is displayed.</msg>
<status status="PASS" starttime="20220705 13:54:05.233" endtime="20220705 13:54:05.252"/>
</kw>
<kw name="Click Element" library="SeleniumLibrary">
<arg>//a[@class="login"]</arg>
<doc>Click the element identified by ``locator``.</doc>
<msg timestamp="20220705 13:54:05.253" level="INFO">Clicking element '//a[@class="login"]'.</msg>
<status status="PASS" starttime="20220705 13:54:05.253" endtime="20220705 13:54:10.529"/>
</kw>
<kw name="Sleep" library="BuiltIn">
<arg>3s</arg>
<doc>Pauses the test executed for the given time.</doc>
<msg timestamp="20220705 13:54:13.546" level="INFO">Slept 3 seconds</msg>
<status status="PASS" starttime="20220705 13:54:10.532" endtime="20220705 13:54:13.546"/>
</kw>
<status status="PASS" starttime="20220705 13:53:29.607" endtime="20220705 13:54:13.547"/>
</test>
<test id="s1-t2" name="Submit Register" line="17">
<kw name="Element Should Be Visible" library="SeleniumLibrary">
<arg>//div[@id="header_logo"]</arg>
<doc>Verifies that the element identified by ``locator`` is visible.</doc>
<msg timestamp="20220705 13:54:13.605" level="INFO">Element '//div[@id="header_logo"]' is displayed.</msg>
<status status="PASS" starttime="20220705 13:54:13.550" endtime="20220705 13:54:13.605"/>
</kw>
<kw name="Input Text" library="SeleniumLibrary">
<arg>//input[@id="email_create"]</arg>
<arg>jksaloii@gmail.com</arg>
<doc>Types the given ``text`` into the text field identified by ``locator``.</doc>
<msg timestamp="20220705 13:54:13.606" level="INFO">Typing text 'jksaloii@gmail.com' into text field '//input[@id="email_create"]'.</msg>
<status status="PASS" starttime="20220705 13:54:13.605" endtime="20220705 13:54:13.669"/>
</kw>
<kw name="Element Should Be Visible" library="SeleniumLibrary">
<arg>//*[@id="create-account_form"]</arg>
<doc>Verifies that the element identified by ``locator`` is visible.</doc>
<msg timestamp="20220705 13:54:13.690" level="INFO">Element '//*[@id="create-account_form"]' is displayed.</msg>
<status status="PASS" starttime="20220705 13:54:13.670" endtime="20220705 13:54:13.691"/>
</kw>
<kw name="Click Button" library="SeleniumLibrary">
<arg>//*[@id="SubmitCreate"]</arg>
<doc>Clicks the button identified by ``locator``.</doc>
<msg timestamp="20220705 13:54:13.692" level="INFO">Clicking button '//*[@id="SubmitCreate"]'.</msg>
<status status="PASS" starttime="20220705 13:54:13.691" endtime="20220705 13:54:13.986"/>
</kw>
<kw name="Sleep" library="BuiltIn">
<arg>3s</arg>
<doc>Pauses the test executed for the given time.</doc>
<msg timestamp="20220705 13:54:16.991" level="INFO">Slept 3 seconds</msg>
<status status="PASS" starttime="20220705 13:54:13.987" endtime="20220705 13:54:16.992"/>
</kw>
<status status="PASS" starttime="20220705 13:54:13.549" endtime="20220705 13:54:16.995"/>
</test>
<test id="s1-t3" name="Create An Account" line="24">
<kw name="Select Radio Button" library="SeleniumLibrary">
<arg>id_gender</arg>
<arg>1</arg>
<doc>Sets the radio button group ``group_name`` to ``value``.</doc>
<msg timestamp="20220705 13:54:17.009" level="INFO">Selecting '1' from radio button 'id_gender'.</msg>
<status status="PASS" starttime="20220705 13:54:17.007" endtime="20220705 13:54:17.311"/>
</kw>
<kw name="Input Text" library="SeleniumLibrary">
<arg>//input[@id="customer_firstname"]</arg>
<arg>Cecep</arg>
<doc>Types the given ``text`` into the text field identified by ``locator``.</doc>
<msg timestamp="20220705 13:54:17.316" level="INFO">Typing text 'Cecep' into text field '//input[@id="customer_firstname"]'.</msg>
<status status="PASS" starttime="20220705 13:54:17.314" endtime="20220705 13:54:17.390"/>
</kw>
<kw name="Input Text" library="SeleniumLibrary">
<arg>//input[@id="customer_lastname"]</arg>
<arg>Solehudin</arg>
<doc>Types the given ``text`` into the text field identified by ``locator``.</doc>
<msg timestamp="20220705 13:54:17.392" level="INFO">Typing text 'Solehudin' into text field '//input[@id="customer_lastname"]'.</msg>
<status status="PASS" starttime="20220705 13:54:17.391" endtime="20220705 13:54:17.446"/>
</kw>
<kw name="Input Text" library="SeleniumLibrary">
<arg>//input[@id="passwd"]</arg>
<arg>12345678</arg>
<doc>Types the given ``text`` into the text field identified by ``locator``.</doc>
<msg timestamp="20220705 13:54:17.449" level="INFO">Typing text '12345678' into text field '//input[@id="passwd"]'.</msg>
<status status="PASS" starttime="20220705 13:54:17.448" endtime="20220705 13:54:17.489"/>
</kw>
<kw name="Page Should Contain List" library="SeleniumLibrary">
<arg>//select[@id="days"]</arg>
<doc>Verifies selection list ``locator`` is found from current page.</doc>
<msg timestamp="20220705 13:54:17.500" level="INFO">Current page contains list '//select[@id="days"]'.</msg>
<status status="PASS" starttime="20220705 13:54:17.490" endtime="20220705 13:54:17.500"/>
</kw>
<kw name="Select From List By Value" library="SeleniumLibrary">
<arg>//select[@id="days"]</arg>
<arg>20</arg>
<doc>Selects options from selection list ``locator`` by ``values``.</doc>
<msg timestamp="20220705 13:54:17.501" level="INFO">Selecting options from selection list '//select[@id="days"]' by value 20.</msg>
<status status="PASS" starttime="20220705 13:54:17.501" endtime="20220705 13:54:17.761"/>
</kw>
<kw name="Page Should Contain List" library="SeleniumLibrary">
<arg>//select[@id="months"]</arg>
<doc>Verifies selection list ``locator`` is found from current page.</doc>
<msg timestamp="20220705 13:54:17.779" level="INFO">Current page contains list '//select[@id="months"]'.</msg>
<status status="PASS" starttime="20220705 13:54:17.762" endtime="20220705 13:54:17.779"/>
</kw>
<kw name="Select From List By Value" library="SeleniumLibrary">
<arg>//select[@id="months"]</arg>
<arg>2</arg>
<doc>Selects options from selection list ``locator`` by ``values``.</doc>
<msg timestamp="20220705 13:54:17.781" level="INFO">Selecting options from selection list '//select[@id="months"]' by value 2.</msg>
<status status="PASS" starttime="20220705 13:54:17.781" endtime="20220705 13:54:18.048"/>
</kw>
<kw name="Page Should Contain List" library="SeleniumLibrary">
<arg>//select[@id="years"]</arg>
<doc>Verifies selection list ``locator`` is found from current page.</doc>
<msg timestamp="20220705 13:54:18.076" level="INFO">Current page contains list '//select[@id="years"]'.</msg>
<status status="PASS" starttime="20220705 13:54:18.051" endtime="20220705 13:54:18.076"/>
</kw>
<kw name="Select From List By Value" library="SeleniumLibrary">
<arg>//select[@id="years"]</arg>
<arg>2000</arg>
<doc>Selects options from selection list ``locator`` by ``values``.</doc>
<msg timestamp="20220705 13:54:18.080" level="INFO">Selecting options from selection list '//select[@id="years"]' by value 2000.</msg>
<status status="PASS" starttime="20220705 13:54:18.079" endtime="20220705 13:54:18.345"/>
</kw>
<kw name="Select Checkbox" library="SeleniumLibrary">
<arg>//input[@id="newsletter"]</arg>
<doc>Selects the checkbox identified by ``locator``.</doc>
<msg timestamp="20220705 13:54:18.350" level="INFO">Selecting checkbox '//input[@id="newsletter"]'.</msg>
<status status="PASS" starttime="20220705 13:54:18.348" endtime="20220705 13:54:18.625"/>
</kw>
<kw name="Select Checkbox" library="SeleniumLibrary">
<arg>//input[@id="optin"]</arg>
<doc>Selects the checkbox identified by ``locator``.</doc>
<msg timestamp="20220705 13:54:18.630" level="INFO">Selecting checkbox '//input[@id="optin"]'.</msg>
<status status="PASS" starttime="20220705 13:54:18.628" endtime="20220705 13:54:18.936"/>
</kw>
<kw name="Sleep" library="BuiltIn">
<arg>3s</arg>
<doc>Pauses the test executed for the given time.</doc>
<msg timestamp="20220705 13:54:21.948" level="INFO">Slept 3 seconds</msg>
<status status="PASS" starttime="20220705 13:54:18.937" endtime="20220705 13:54:21.949"/>
</kw>
<status status="PASS" starttime="20220705 13:54:17.003" endtime="20220705 13:54:21.952"/>
</test>
<test id="s1-t4" name="Address" line="39">
<kw name="Input Text" library="SeleniumLibrary">
<arg>//input[@id="company"]</arg>
<arg>PT. Untung Rugi</arg>
<doc>Types the given ``text`` into the text field identified by ``locator``.</doc>
<msg timestamp="20220705 13:54:21.967" level="INFO">Typing text 'PT. Untung Rugi' into text field '//input[@id="company"]'.</msg>
<status status="PASS" starttime="20220705 13:54:21.965" endtime="20220705 13:54:22.060"/>
</kw>
<kw name="Input Text" library="SeleniumLibrary">
<arg>//input[@id="address1"]</arg>
<arg>Jl. Pembangunan</arg>
<doc>Types the given ``text`` into the text field identified by ``locator``.</doc>
<msg timestamp="20220705 13:54:22.061" level="INFO">Typing text 'Jl. Pembangunan' into text field '//input[@id="address1"]'.</msg>
<status status="PASS" starttime="20220705 13:54:22.061" endtime="20220705 13:54:22.113"/>
</kw>
<kw name="Input Text" library="SeleniumLibrary">
<arg>//input[@id="address2"]</arg>
<arg>No. 17</arg>
<doc>Types the given ``text`` into the text field identified by ``locator``.</doc>
<msg timestamp="20220705 13:54:22.114" level="INFO">Typing text 'No. 17' into text field '//input[@id="address2"]'.</msg>
<status status="PASS" starttime="20220705 13:54:22.113" endtime="20220705 13:54:22.154"/>
</kw>
<kw name="Input Text" library="SeleniumLibrary">
<arg>//input[@id="city"]</arg>
<arg>New York</arg>
<doc>Types the given ``text`` into the text field identified by ``locator``.</doc>
<msg timestamp="20220705 13:54:22.154" level="INFO">Typing text 'New York' into text field '//input[@id="city"]'.</msg>
<status status="PASS" starttime="20220705 13:54:22.154" endtime="20220705 13:54:22.196"/>
</kw>
<kw name="Page Should Contain List" library="SeleniumLibrary">
<arg>//select[@id="id_state"]</arg>
<doc>Verifies selection list ``locator`` is found from current page.</doc>
<msg timestamp="20220705 13:54:22.206" level="INFO">Current page contains list '//select[@id="id_state"]'.</msg>
<status status="PASS" starttime="20220705 13:54:22.197" endtime="20220705 13:54:22.206"/>
</kw>
<kw name="Select From List By Value" library="SeleniumLibrary">
<arg>//select[@id="id_state"]</arg>
<arg>32</arg>
<doc>Selects options from selection list ``locator`` by ``values``.</doc>
<msg timestamp="20220705 13:54:22.208" level="INFO">Selecting options from selection list '//select[@id="id_state"]' by value 32.</msg>
<status status="PASS" starttime="20220705 13:54:22.207" endtime="20220705 13:54:22.471"/>
</kw>
<kw name="Input Text" library="SeleniumLibrary">
<arg>//input[@id="postcode"]</arg>
<arg>40379</arg>
<doc>Types the given ``text`` into the text field identified by ``locator``.</doc>
<msg timestamp="20220705 13:54:22.477" level="INFO">Typing text '40379' into text field '//input[@id="postcode"]'.</msg>
<status status="PASS" starttime="20220705 13:54:22.475" endtime="20220705 13:54:22.555"/>
</kw>
<kw name="Input Text" library="SeleniumLibrary">
<arg>//input[@id="phone_mobile"]</arg>
<arg>082123456789</arg>
<doc>Types the given ``text`` into the text field identified by ``locator``.</doc>
<msg timestamp="20220705 13:54:22.557" level="INFO">Typing text '082123456789' into text field '//input[@id="phone_mobile"]'.</msg>
<status status="PASS" starttime="20220705 13:54:22.556" endtime="20220705 13:54:22.608"/>
</kw>
<kw name="Input Password" library="SeleniumLibrary">
<arg>//input[@id="alias"]</arg>
<arg>Washington</arg>
<doc>Types the given password into the text field identified by ``locator``.</doc>
<msg timestamp="20220705 13:54:22.610" level="INFO">Typing password into text field '//input[@id="alias"]'.</msg>
<msg timestamp="20220705 13:54:22.635" level="INFO">Temporally setting log level to: NONE</msg>
<msg timestamp="20220705 13:54:22.663" level="INFO">Log level changed from NONE to INFO.</msg>
<status status="PASS" starttime="20220705 13:54:22.609" endtime="20220705 13:54:22.664"/>
</kw>
<kw name="Click Button" library="SeleniumLibrary">
<arg>//button[@id="submitAccount"]</arg>
<doc>Clicks the button identified by ``locator``.</doc>
<msg timestamp="20220705 13:54:22.665" level="INFO">Clicking button '//button[@id="submitAccount"]'.</msg>
<status status="PASS" starttime="20220705 13:54:22.665" endtime="20220705 13:54:25.757"/>
</kw>
<kw name="Element Should Be Visible" library="SeleniumLibrary">
<arg>//div[@id="center_column"]</arg>
<doc>Verifies that the element identified by ``locator`` is visible.</doc>
<msg timestamp="20220705 13:54:25.794" level="INFO">Element '//div[@id="center_column"]' is displayed.</msg>
<status status="PASS" starttime="20220705 13:54:25.758" endtime="20220705 13:54:25.794"/>
</kw>
<kw name="Sleep" library="BuiltIn">
<arg>3s</arg>
<doc>Pauses the test executed for the given time.</doc>
<msg timestamp="20220705 13:54:28.810" level="INFO">Slept 3 seconds</msg>
<status status="PASS" starttime="20220705 13:54:25.795" endtime="20220705 13:54:28.811"/>
</kw>
<kw name="Close Browser" library="SeleniumLibrary">
<doc>Closes the current browser.</doc>
<status status="PASS" starttime="20220705 13:54:28.814" endtime="20220705 13:54:30.465"/>
</kw>
<status status="PASS" starttime="20220705 13:54:21.961" endtime="20220705 13:54:30.466"/>
</test>
<status status="PASS" starttime="20220705 13:53:29.249" endtime="20220705 13:54:30.469"/>
</suite>
<statistics>
<total>
<stat pass="4" fail="0" skip="0">All Tests</stat>
</total>
<tag>
</tag>
<suite>
<stat pass="4" fail="0" skip="0" id="s1" name="Register">Register</stat>
</suite>
</statistics>
<errors>
</errors>
</robot>
